<?xml version="1.0" encoding="UTF-8"?>
<!-- Generated by org.testng.reporters.JUnitXMLReporter -->
<testsuite hostname="LAPTOP-0SCJ6J7A" ignored="0" name="Test" tests="5" failures="0" timestamp="24 Jan 2022 05:16:41 GMT" time="0.059" errors="0">
  <testcase name="reg" time="0.012" classname="testNG.Groups"/>
  <testcase name="sm1" time="0.012" classname="testNG.Groups"/>
  <testcase name="sm2" time="0.003" classname="testNG.Groups"/>
  <testcase name="sys1" time="0.002" classname="testNG.Groups"/>
  <testcase name="sys2" time="0.001" classname="testNG.Groups"/>
</testsuite> <!-- Test -->
