<?xml version="1.0" encoding="UTF-8"?>
<testng-results skipped="0" failed="0" ignored="0" total="1" passed="1">
  <reporter-output>
  </reporter-output>
  <suite name="Default suite" duration-ms="4215" started-at="2022-01-26T04:54:44Z" finished-at="2022-01-26T04:54:48Z">
    <groups>
    </groups>
    <test name="Default test" duration-ms="4215" started-at="2022-01-26T04:54:44Z" finished-at="2022-01-26T04:54:48Z">
      <class name="pom.Test_facebook">
        <test-method status="PASS" signature="test()[pri:0, instance:pom.Test_facebook@307f6b8c]" name="test" duration-ms="4192" started-at="2022-01-26T04:54:44Z" finished-at="2022-01-26T04:54:48Z">
          <reporter-output>
          </reporter-output>
        </test-method> <!-- test -->
      </class> <!-- pom.Test_facebook -->
    </test> <!-- Default test -->
  </suite> <!-- Default suite -->
</testng-results>
